<?xml version="1.0" encoding="UTF-8"?>
<!-- Generated by org.testng.reporters.JUnitReportReporter -->
<testsuite hostname="DESKTOP-7ON0MSH" failures="0" tests="2" name="testNgProgram.annotations" time="0.040" errors="0" timestamp="2022-07-28T08:00:21 IST" skipped="0">
  <testcase classname="testNgProgram.annotations" name="f2" time="0.007"/>
  <system-out/>
  <testcase classname="testNgProgram.annotations" name="f" time="0.033"/>
  <system-out/>
</testsuite> <!-- testNgProgram.annotations -->
