<?xml version="1.0" encoding="UTF-8"?>
<!-- Generated by org.testng.reporters.JUnitReportReporter -->
<testsuite hostname="DESKTOP-7ON0MSH" failures="0" tests="1" name="testNgProgram.DetaProviderDemo" time="10.773" errors="0" timestamp="2022-07-28T07:24:25 IST" skipped="0">
  <testcase classname="testNgProgram.DetaProviderDemo" name="login" time="10.773"/>
  <system-out/>
</testsuite> <!-- testNgProgram.DetaProviderDemo -->
