<?xml version="1.0" encoding="UTF-8"?>
<!-- Generated by org.testng.reporters.JUnitReportReporter -->
<testsuite hostname="DESKTOP-7ON0MSH" failures="0" tests="1" name="testNgProgram.makeparameteroptional" time="0.070" errors="0" timestamp="2022-07-27T17:07:33 IST" skipped="0">
  <testcase classname="testNgProgram.makeparameteroptional" name="add" time="0.070"/>
  <system-out/>
</testsuite> <!-- testNgProgram.makeparameteroptional -->
