<?xml version="1.0" encoding="UTF-8"?>
<!-- Generated by org.testng.reporters.JUnitReportReporter -->
<testsuite hostname="DESKTOP-7ON0MSH" failures="0" tests="1" name="testNgProgram.inheritedDependencies" time="13.370" errors="0" timestamp="2022-07-27T11:50:45 IST" skipped="0">
  <testcase classname="testNgProgram.inheritedDependencies" name="latest" time="13.370"/>
  <system-out/>
</testsuite> <!-- testNgProgram.inheritedDependencies -->
