<?xml version="1.0" encoding="UTF-8"?>
<!-- Generated by org.testng.reporters.JUnitReportReporter -->
<testsuite hostname="DESKTOP-7ON0MSH" failures="0" tests="1" name="testNgProgram.allAnnotations" time="0.032" errors="0" timestamp="2022-07-23T17:15:02 IST" skipped="0">
  <testcase classname="testNgProgram.allAnnotations" name="f" time="0.032"/>
  <system-out/>
</testsuite> <!-- testNgProgram.allAnnotations -->
