<?xml version="1.0" encoding="UTF-8"?>
<!-- Generated by org.testng.reporters.JUnitReportReporter -->
<testsuite hostname="DESKTOP-7ON0MSH" failures="0" tests="4" name="testNgProgram.parameterisation" time="0.100" errors="0" timestamp="2022-07-27T16:30:32 IST" skipped="0">
  <testcase classname="testNgProgram.parameterisation" name="add" time="0.073"/>
  <system-out/>
  <testcase classname="testNgProgram.parameterisation" name="diff" time="0.005"/>
  <system-out/>
  <testcase classname="testNgProgram.parameterisation" name="add" time="0.005"/>
  <system-out/>
  <testcase classname="testNgProgram.parameterisation" name="diff" time="0.017"/>
  <system-out/>
</testsuite> <!-- testNgProgram.parameterisation -->
