<?xml version="1.0" encoding="UTF-8"?>
<!-- Generated by org.testng.reporters.JUnitReportReporter -->
<testsuite hostname="DESKTOP-7ON0MSH" failures="0" tests="4" name="testNgProgram.groups" time="11.001" errors="0" timestamp="2022-07-24T08:19:27 IST" skipped="1">
  <testcase classname="testNgProgram.groups" name="launchBrouser" time="9.867"/>
  <system-out/>
  <testcase classname="testNgProgram.groups" name="EnterCredentials" time="0.718"/>
  <system-out/>
  <testcase classname="testNgProgram.groups" name="tearDown" time="0.416"/>
  <system-out/>
  <testcase classname="testNgProgram.groups" name="getname">
    <skipped/>
  </testcase> <!-- getname -->
  <system-out/>
</testsuite> <!-- testNgProgram.groups -->
