<?xml version="1.0" encoding="UTF-8"?>
<!-- Generated by org.testng.reporters.JUnitReportReporter -->
<testsuite hostname="DESKTOP-7ON0MSH" failures="0" tests="3" name="testNgProgram.depenceongroupDemo" time="0.077" errors="0" timestamp="2022-07-27T13:55:54 IST" skipped="0">
  <testcase classname="testNgProgram.depenceongroupDemo" name="login" time="0.056"/>
  <system-out/>
  <testcase classname="testNgProgram.depenceongroupDemo" name="jobs" time="0.008"/>
  <system-out/>
  <testcase classname="testNgProgram.depenceongroupDemo" name="homepage" time="0.013"/>
  <system-out/>
</testsuite> <!-- testNgProgram.depenceongroupDemo -->
