<?xml version="1.0" encoding="UTF-8"?>
<!-- Generated by org.testng.reporters.JUnitReportReporter -->
<testsuite hostname="DESKTOP-7ON0MSH" failures="0" tests="2" name="testNgProgram.dependencies" time="23.925" errors="0" timestamp="2022-07-27T12:26:12 IST" skipped="0">
  <testcase classname="testNgProgram.dependencies" name="jobs" time="8.970"/>
  <system-out/>
  <testcase classname="testNgProgram.dependencies" name="launchBrowser" time="14.955"/>
  <system-out/>
</testsuite> <!-- testNgProgram.dependencies -->
