<?xml version="1.0" encoding="UTF-8"?>
<!-- Generated by org.testng.reporters.JUnitReportReporter -->
<testsuite hostname="DESKTOP-7ON0MSH" failures="0" tests="1" name="testNgProgram.firstTest" time="0.050" errors="0" timestamp="2022-07-23T06:43:32 IST" skipped="0">
  <testcase classname="testNgProgram.firstTest" name="first" time="0.050"/>
  <system-out/>
</testsuite> <!-- testNgProgram.firstTest -->
