<?xml version="1.0" encoding="UTF-8"?>
<!-- Generated by org.testng.reporters.JUnitReportReporter -->
<testsuite hostname="DESKTOP-7ON0MSH" failures="0" tests="1" name="testNgProgram.NewTest" time="16.617" errors="0" timestamp="2022-07-23T07:15:01 IST" skipped="0">
  <testcase classname="testNgProgram.NewTest" name="f" time="16.617"/>
  <system-out/>
</testsuite> <!-- testNgProgram.NewTest -->
