<?xml version="1.0" encoding="UTF-8"?>
<!-- Generated by org.testng.reporters.JUnitReportReporter -->
<testsuite hostname="DESKTOP-7ON0MSH" failures="0" tests="2" name="testNgProgram.dataproviderfromdiffclass" time="18.385" errors="0" timestamp="2022-07-28T07:53:18 IST" skipped="0">
  <testcase classname="testNgProgram.dataproviderfromdiffclass" name="login" time="7.449"/>
  <system-out/>
  <testcase classname="testNgProgram.dataproviderfromdiffclass" name="login" time="10.936"/>
  <system-out/>
</testsuite> <!-- testNgProgram.dataproviderfromdiffclass -->
